Terminals unused in grammar

    ERROR


State 10 conflicts: 2 shift/reduce
State 16 conflicts: 2 shift/reduce
State 158 conflicts: 9 shift/reduce
State 176 conflicts: 9 shift/reduce
State 178 conflicts: 9 shift/reduce
State 186 conflicts: 9 shift/reduce


Grammar

    0 $accept: program $end

    1 program: class_list

    2 class_list: class
    3           | class_list class

    4 class: CLASS TYPEID '{' feature_list '}' ';'
    5      | CLASS TYPEID INHERITS TYPEID '{' feature_list '}' ';'
    6      | error

    7 feature_list: %empty
    8             | feature ';'
    9             | feature_list feature ';'
   10             | error ';'
   11             | feature_list error ';'

   12 feature: OBJECTID '(' ')' ':' TYPEID '{' expression '}'
   13        | OBJECTID '(' formal ')' ':' TYPEID '{' expression '}'
   14        | OBJECTID '(' formal formal_list ')' ':' TYPEID '{' expression '}'
   15        | OBJECTID ':' TYPEID
   16        | OBJECTID ':' TYPEID ASSIGN expression

   17 formal_list: ',' formal
   18            | formal_list ',' formal

   19 formal: OBJECTID ':' TYPEID

   20 case_list: case
   21          | case_list case

   22 case: OBJECTID ':' TYPEID DARROW expression ';'

   23 expression_comma_list: ',' expression
   24                      | expression_comma_list ',' expression

   25 expression_semicolon_list: expression ';'
   26                          | expression_semicolon_list expression ';'

   27 expression_sub_let: ',' OBJECTID ':' TYPEID IN expression
   28                   | ',' OBJECTID ':' TYPEID ASSIGN expression IN expression
   29                   | ',' OBJECTID ':' TYPEID expression_sub_let
   30                   | ',' OBJECTID ':' TYPEID ASSIGN expression expression_sub_let
   31                   | error expression_sub_let

   32 expression: OBJECTID ASSIGN expression
   33           | expression '.' OBJECTID '(' ')'
   34           | expression '.' OBJECTID '(' expression ')'
   35           | expression '.' OBJECTID '(' expression expression_comma_list ')'
   36           | expression '@' TYPEID '.' OBJECTID '(' ')'
   37           | expression '@' TYPEID '.' OBJECTID '(' expression ')'
   38           | expression '@' TYPEID '.' OBJECTID '(' expression expression_comma_list ')'
   39           | OBJECTID '(' ')'
   40           | OBJECTID '(' expression ')'
   41           | OBJECTID '(' expression expression_comma_list ')'
   42           | IF expression THEN expression ELSE expression FI
   43           | WHILE expression LOOP expression POOL
   44           | '{' expression_semicolon_list '}'
   45           | '{' error expression_semicolon_list '}'
   46           | '{' expression_semicolon_list error ';' expression_semicolon_list '}'
   47           | '{' expression_semicolon_list error ';' '}'
   48           | LET OBJECTID ':' TYPEID IN expression
   49           | LET OBJECTID ':' TYPEID ASSIGN expression IN expression
   50           | LET OBJECTID ':' TYPEID expression_sub_let
   51           | LET OBJECTID ':' TYPEID ASSIGN expression expression_sub_let
   52           | LET error expression_sub_let
   53           | CASE expression OF case_list ESAC
   54           | NEW TYPEID
   55           | ISVOID expression
   56           | expression '+' expression
   57           | expression '-' expression
   58           | expression '*' expression
   59           | expression '/' expression
   60           | '~' expression
   61           | expression '<' expression
   62           | expression '=' expression
   63           | expression LE expression
   64           | NOT expression
   65           | '(' expression ')'
   66           | OBJECTID
   67           | INT_CONST
   68           | STR_CONST
   69           | BOOL_CONST


Terminals, with rules where they appear

    $end (0) 0
    '(' (40) 12 13 14 33 34 35 36 37 38 39 40 41 65
    ')' (41) 12 13 14 33 34 35 36 37 38 39 40 41 65
    '*' (42) 58
    '+' (43) 56
    ',' (44) 17 18 23 24 27 28 29 30
    '-' (45) 57
    '.' (46) 33 34 35 36 37 38
    '/' (47) 59
    ':' (58) 12 13 14 15 16 19 22 27 28 29 30 48 49 50 51
    ';' (59) 4 5 8 9 10 11 22 25 26 46 47
    '<' (60) 61
    '=' (61) 62
    '@' (64) 36 37 38
    '{' (123) 4 5 12 13 14 44 45 46 47
    '}' (125) 4 5 12 13 14 44 45 46 47
    '~' (126) 60
    error (256) 6 10 11 31 45 46 47 52
    CLASS (258) 4 5
    ELSE (259) 42
    FI (260) 42
    IF (261) 42
    IN (262) 27 28 48 49
    INHERITS (263) 5
    LET (264) 48 49 50 51 52
    LOOP (265) 43
    POOL (266) 43
    THEN (267) 42
    WHILE (268) 43
    CASE (269) 53
    ESAC (270) 53
    OF (271) 53
    DARROW (272) 22
    NEW (273) 54
    ISVOID (274) 55
    STR_CONST <symbol> (275) 68
    INT_CONST <symbol> (276) 67
    BOOL_CONST <boolean> (277) 69
    TYPEID <symbol> (278) 4 5 12 13 14 15 16 19 22 27 28 29 30 36 37 38 48 49 50 51 54
    OBJECTID <symbol> (279) 12 13 14 15 16 19 22 27 28 29 30 32 33 34 35 36 37 38 39 40 41 48 49 50 51 66
    ASSIGN (280) 16 28 30 32 49 51
    NOT (281) 64
    LE (282) 63
    ERROR (283)


Nonterminals, with rules where they appear

    $accept (45)
        on left: 0
    program <program> (46)
        on left: 1
        on right: 0
    class_list <classes> (47)
        on left: 2 3
        on right: 1 3
    class <class_> (48)
        on left: 4 5 6
        on right: 2 3
    feature_list <features> (49)
        on left: 7 8 9 10 11
        on right: 4 5 9 11
    feature <feature> (50)
        on left: 12 13 14 15 16
        on right: 8 9
    formal_list <formals> (51)
        on left: 17 18
        on right: 14 18
    formal <formal> (52)
        on left: 19
        on right: 13 14 17 18
    case_list <cases> (53)
        on left: 20 21
        on right: 21 53
    case <case_> (54)
        on left: 22
        on right: 20 21
    expression_comma_list <expressions> (55)
        on left: 23 24
        on right: 24 35 38 41
    expression_semicolon_list <expressions> (56)
        on left: 25 26
        on right: 26 44 45 46 47
    expression_sub_let <expression> (57)
        on left: 27 28 29 30 31
        on right: 29 30 31 50 51 52
    expression <expression> (58)
        on left: 32 33 34 35 36 37 38 39 40 41 42 43 44 45 46 47 48 49 50 51 52 53 54 55 56 57 58 59 60 61 62 63 64 65 66 67 68 69
        on right: 12 13 14 16 22 23 24 25 26 27 28 30 32 33 34 35 36 37 38 40 41 42 43 48 49 51 53 55 56 57 58 59 60 61 62 63 64 65


State 0

    0 $accept: . program $end

    error  shift, and go to state 1
    CLASS  shift, and go to state 2

    program     go to state 3
    class_list  go to state 4
    class       go to state 5


State 1

    6 class: error .

    $default  reduce using rule 6 (class)


State 2

    4 class: CLASS . TYPEID '{' feature_list '}' ';'
    5      | CLASS . TYPEID INHERITS TYPEID '{' feature_list '}' ';'

    TYPEID  shift, and go to state 6


State 3

    0 $accept: program . $end

    $end  shift, and go to state 7


State 4

    1 program: class_list .
    3 class_list: class_list . class

    error  shift, and go to state 1
    CLASS  shift, and go to state 2

    $end  reduce using rule 1 (program)

    class  go to state 8


State 5

    2 class_list: class .

    $default  reduce using rule 2 (class_list)


State 6

    4 class: CLASS TYPEID . '{' feature_list '}' ';'
    5      | CLASS TYPEID . INHERITS TYPEID '{' feature_list '}' ';'

    INHERITS  shift, and go to state 9
    '{'       shift, and go to state 10


State 7

    0 $accept: program $end .

    $default  accept


State 8

    3 class_list: class_list class .

    $default  reduce using rule 3 (class_list)


State 9

    5 class: CLASS TYPEID INHERITS . TYPEID '{' feature_list '}' ';'

    TYPEID  shift, and go to state 11


State 10

    4 class: CLASS TYPEID '{' . feature_list '}' ';'

    error     shift, and go to state 12
    OBJECTID  shift, and go to state 13

    error     [reduce using rule 7 (feature_list)]
    OBJECTID  [reduce using rule 7 (feature_list)]
    '}'       reduce using rule 7 (feature_list)

    feature_list  go to state 14
    feature       go to state 15


State 11

    5 class: CLASS TYPEID INHERITS TYPEID . '{' feature_list '}' ';'

    '{'  shift, and go to state 16


State 12

   10 feature_list: error . ';'

    ';'  shift, and go to state 17


State 13

   12 feature: OBJECTID . '(' ')' ':' TYPEID '{' expression '}'
   13        | OBJECTID . '(' formal ')' ':' TYPEID '{' expression '}'
   14        | OBJECTID . '(' formal formal_list ')' ':' TYPEID '{' expression '}'
   15        | OBJECTID . ':' TYPEID
   16        | OBJECTID . ':' TYPEID ASSIGN expression

    '('  shift, and go to state 18
    ':'  shift, and go to state 19


State 14

    4 class: CLASS TYPEID '{' feature_list . '}' ';'
    9 feature_list: feature_list . feature ';'
   11             | feature_list . error ';'

    error     shift, and go to state 20
    OBJECTID  shift, and go to state 13
    '}'       shift, and go to state 21

    feature  go to state 22


State 15

    8 feature_list: feature . ';'

    ';'  shift, and go to state 23


State 16

    5 class: CLASS TYPEID INHERITS TYPEID '{' . feature_list '}' ';'

    error     shift, and go to state 12
    OBJECTID  shift, and go to state 13

    error     [reduce using rule 7 (feature_list)]
    OBJECTID  [reduce using rule 7 (feature_list)]
    '}'       reduce using rule 7 (feature_list)

    feature_list  go to state 24
    feature       go to state 15


State 17

   10 feature_list: error ';' .

    $default  reduce using rule 10 (feature_list)


State 18

   12 feature: OBJECTID '(' . ')' ':' TYPEID '{' expression '}'
   13        | OBJECTID '(' . formal ')' ':' TYPEID '{' expression '}'
   14        | OBJECTID '(' . formal formal_list ')' ':' TYPEID '{' expression '}'

    OBJECTID  shift, and go to state 25
    ')'       shift, and go to state 26

    formal  go to state 27


State 19

   15 feature: OBJECTID ':' . TYPEID
   16        | OBJECTID ':' . TYPEID ASSIGN expression

    TYPEID  shift, and go to state 28


State 20

   11 feature_list: feature_list error . ';'

    ';'  shift, and go to state 29


State 21

    4 class: CLASS TYPEID '{' feature_list '}' . ';'

    ';'  shift, and go to state 30


State 22

    9 feature_list: feature_list feature . ';'

    ';'  shift, and go to state 31


State 23

    8 feature_list: feature ';' .

    $default  reduce using rule 8 (feature_list)


State 24

    5 class: CLASS TYPEID INHERITS TYPEID '{' feature_list . '}' ';'
    9 feature_list: feature_list . feature ';'
   11             | feature_list . error ';'

    error     shift, and go to state 20
    OBJECTID  shift, and go to state 13
    '}'       shift, and go to state 32

    feature  go to state 22


State 25

   19 formal: OBJECTID . ':' TYPEID

    ':'  shift, and go to state 33


State 26

   12 feature: OBJECTID '(' ')' . ':' TYPEID '{' expression '}'

    ':'  shift, and go to state 34


State 27

   13 feature: OBJECTID '(' formal . ')' ':' TYPEID '{' expression '}'
   14        | OBJECTID '(' formal . formal_list ')' ':' TYPEID '{' expression '}'

    ')'  shift, and go to state 35
    ','  shift, and go to state 36

    formal_list  go to state 37


State 28

   15 feature: OBJECTID ':' TYPEID .
   16        | OBJECTID ':' TYPEID . ASSIGN expression

    ASSIGN  shift, and go to state 38

    $default  reduce using rule 15 (feature)


State 29

   11 feature_list: feature_list error ';' .

    $default  reduce using rule 11 (feature_list)


State 30

    4 class: CLASS TYPEID '{' feature_list '}' ';' .

    $default  reduce using rule 4 (class)


State 31

    9 feature_list: feature_list feature ';' .

    $default  reduce using rule 9 (feature_list)


State 32

    5 class: CLASS TYPEID INHERITS TYPEID '{' feature_list '}' . ';'

    ';'  shift, and go to state 39


State 33

   19 formal: OBJECTID ':' . TYPEID

    TYPEID  shift, and go to state 40


State 34

   12 feature: OBJECTID '(' ')' ':' . TYPEID '{' expression '}'

    TYPEID  shift, and go to state 41


State 35

   13 feature: OBJECTID '(' formal ')' . ':' TYPEID '{' expression '}'

    ':'  shift, and go to state 42


State 36

   17 formal_list: ',' . formal

    OBJECTID  shift, and go to state 25

    formal  go to state 43


State 37

   14 feature: OBJECTID '(' formal formal_list . ')' ':' TYPEID '{' expression '}'
   18 formal_list: formal_list . ',' formal

    ')'  shift, and go to state 44
    ','  shift, and go to state 45


State 38

   16 feature: OBJECTID ':' TYPEID ASSIGN . expression

    IF          shift, and go to state 46
    LET         shift, and go to state 47
    WHILE       shift, and go to state 48
    CASE        shift, and go to state 49
    NEW         shift, and go to state 50
    ISVOID      shift, and go to state 51
    STR_CONST   shift, and go to state 52
    INT_CONST   shift, and go to state 53
    BOOL_CONST  shift, and go to state 54
    OBJECTID    shift, and go to state 55
    NOT         shift, and go to state 56
    '~'         shift, and go to state 57
    '{'         shift, and go to state 58
    '('         shift, and go to state 59

    expression  go to state 60


State 39

    5 class: CLASS TYPEID INHERITS TYPEID '{' feature_list '}' ';' .

    $default  reduce using rule 5 (class)


State 40

   19 formal: OBJECTID ':' TYPEID .

    $default  reduce using rule 19 (formal)


State 41

   12 feature: OBJECTID '(' ')' ':' TYPEID . '{' expression '}'

    '{'  shift, and go to state 61


State 42

   13 feature: OBJECTID '(' formal ')' ':' . TYPEID '{' expression '}'

    TYPEID  shift, and go to state 62


State 43

   17 formal_list: ',' formal .

    $default  reduce using rule 17 (formal_list)


State 44

   14 feature: OBJECTID '(' formal formal_list ')' . ':' TYPEID '{' expression '}'

    ':'  shift, and go to state 63


State 45

   18 formal_list: formal_list ',' . formal

    OBJECTID  shift, and go to state 25

    formal  go to state 64


State 46

   42 expression: IF . expression THEN expression ELSE expression FI

    IF          shift, and go to state 46
    LET         shift, and go to state 47
    WHILE       shift, and go to state 48
    CASE        shift, and go to state 49
    NEW         shift, and go to state 50
    ISVOID      shift, and go to state 51
    STR_CONST   shift, and go to state 52
    INT_CONST   shift, and go to state 53
    BOOL_CONST  shift, and go to state 54
    OBJECTID    shift, and go to state 55
    NOT         shift, and go to state 56
    '~'         shift, and go to state 57
    '{'         shift, and go to state 58
    '('         shift, and go to state 59

    expression  go to state 65


State 47

   48 expression: LET . OBJECTID ':' TYPEID IN expression
   49           | LET . OBJECTID ':' TYPEID ASSIGN expression IN expression
   50           | LET . OBJECTID ':' TYPEID expression_sub_let
   51           | LET . OBJECTID ':' TYPEID ASSIGN expression expression_sub_let
   52           | LET . error expression_sub_let

    error     shift, and go to state 66
    OBJECTID  shift, and go to state 67


State 48

   43 expression: WHILE . expression LOOP expression POOL

    IF          shift, and go to state 46
    LET         shift, and go to state 47
    WHILE       shift, and go to state 48
    CASE        shift, and go to state 49
    NEW         shift, and go to state 50
    ISVOID      shift, and go to state 51
    STR_CONST   shift, and go to state 52
    INT_CONST   shift, and go to state 53
    BOOL_CONST  shift, and go to state 54
    OBJECTID    shift, and go to state 55
    NOT         shift, and go to state 56
    '~'         shift, and go to state 57
    '{'         shift, and go to state 58
    '('         shift, and go to state 59

    expression  go to state 68


State 49

   53 expression: CASE . expression OF case_list ESAC

    IF          shift, and go to state 46
    LET         shift, and go to state 47
    WHILE       shift, and go to state 48
    CASE        shift, and go to state 49
    NEW         shift, and go to state 50
    ISVOID      shift, and go to state 51
    STR_CONST   shift, and go to state 52
    INT_CONST   shift, and go to state 53
    BOOL_CONST  shift, and go to state 54
    OBJECTID    shift, and go to state 55
    NOT         shift, and go to state 56
    '~'         shift, and go to state 57
    '{'         shift, and go to state 58
    '('         shift, and go to state 59

    expression  go to state 69


State 50

   54 expression: NEW . TYPEID

    TYPEID  shift, and go to state 70


State 51

   55 expression: ISVOID . expression

    IF          shift, and go to state 46
    LET         shift, and go to state 47
    WHILE       shift, and go to state 48
    CASE        shift, and go to state 49
    NEW         shift, and go to state 50
    ISVOID      shift, and go to state 51
    STR_CONST   shift, and go to state 52
    INT_CONST   shift, and go to state 53
    BOOL_CONST  shift, and go to state 54
    OBJECTID    shift, and go to state 55
    NOT         shift, and go to state 56
    '~'         shift, and go to state 57
    '{'         shift, and go to state 58
    '('         shift, and go to state 59

    expression  go to state 71


State 52

   68 expression: STR_CONST .

    $default  reduce using rule 68 (expression)


State 53

   67 expression: INT_CONST .

    $default  reduce using rule 67 (expression)


State 54

   69 expression: BOOL_CONST .

    $default  reduce using rule 69 (expression)


State 55

   32 expression: OBJECTID . ASSIGN expression
   39           | OBJECTID . '(' ')'
   40           | OBJECTID . '(' expression ')'
   41           | OBJECTID . '(' expression expression_comma_list ')'
   66           | OBJECTID .

    ASSIGN  shift, and go to state 72
    '('     shift, and go to state 73

    $default  reduce using rule 66 (expression)


State 56

   64 expression: NOT . expression

    IF          shift, and go to state 46
    LET         shift, and go to state 47
    WHILE       shift, and go to state 48
    CASE        shift, and go to state 49
    NEW         shift, and go to state 50
    ISVOID      shift, and go to state 51
    STR_CONST   shift, and go to state 52
    INT_CONST   shift, and go to state 53
    BOOL_CONST  shift, and go to state 54
    OBJECTID    shift, and go to state 55
    NOT         shift, and go to state 56
    '~'         shift, and go to state 57
    '{'         shift, and go to state 58
    '('         shift, and go to state 59

    expression  go to state 74


State 57

   60 expression: '~' . expression

    IF          shift, and go to state 46
    LET         shift, and go to state 47
    WHILE       shift, and go to state 48
    CASE        shift, and go to state 49
    NEW         shift, and go to state 50
    ISVOID      shift, and go to state 51
    STR_CONST   shift, and go to state 52
    INT_CONST   shift, and go to state 53
    BOOL_CONST  shift, and go to state 54
    OBJECTID    shift, and go to state 55
    NOT         shift, and go to state 56
    '~'         shift, and go to state 57
    '{'         shift, and go to state 58
    '('         shift, and go to state 59

    expression  go to state 75


State 58

   44 expression: '{' . expression_semicolon_list '}'
   45           | '{' . error expression_semicolon_list '}'
   46           | '{' . expression_semicolon_list error ';' expression_semicolon_list '}'
   47           | '{' . expression_semicolon_list error ';' '}'

    error       shift, and go to state 76
    IF          shift, and go to state 46
    LET         shift, and go to state 47
    WHILE       shift, and go to state 48
    CASE        shift, and go to state 49
    NEW         shift, and go to state 50
    ISVOID      shift, and go to state 51
    STR_CONST   shift, and go to state 52
    INT_CONST   shift, and go to state 53
    BOOL_CONST  shift, and go to state 54
    OBJECTID    shift, and go to state 55
    NOT         shift, and go to state 56
    '~'         shift, and go to state 57
    '{'         shift, and go to state 58
    '('         shift, and go to state 59

    expression_semicolon_list  go to state 77
    expression                 go to state 78


State 59

   65 expression: '(' . expression ')'

    IF          shift, and go to state 46
    LET         shift, and go to state 47
    WHILE       shift, and go to state 48
    CASE        shift, and go to state 49
    NEW         shift, and go to state 50
    ISVOID      shift, and go to state 51
    STR_CONST   shift, and go to state 52
    INT_CONST   shift, and go to state 53
    BOOL_CONST  shift, and go to state 54
    OBJECTID    shift, and go to state 55
    NOT         shift, and go to state 56
    '~'         shift, and go to state 57
    '{'         shift, and go to state 58
    '('         shift, and go to state 59

    expression  go to state 79


State 60

   16 feature: OBJECTID ':' TYPEID ASSIGN expression .
   33 expression: expression . '.' OBJECTID '(' ')'
   34           | expression . '.' OBJECTID '(' expression ')'
   35           | expression . '.' OBJECTID '(' expression expression_comma_list ')'
   36           | expression . '@' TYPEID '.' OBJECTID '(' ')'
   37           | expression . '@' TYPEID '.' OBJECTID '(' expression ')'
   38           | expression . '@' TYPEID '.' OBJECTID '(' expression expression_comma_list ')'
   56           | expression . '+' expression
   57           | expression . '-' expression
   58           | expression . '*' expression
   59           | expression . '/' expression
   61           | expression . '<' expression
   62           | expression . '=' expression
   63           | expression . LE expression

    LE   shift, and go to state 80
    '<'  shift, and go to state 81
    '='  shift, and go to state 82
    '+'  shift, and go to state 83
    '-'  shift, and go to state 84
    '*'  shift, and go to state 85
    '/'  shift, and go to state 86
    '@'  shift, and go to state 87
    '.'  shift, and go to state 88

    $default  reduce using rule 16 (feature)


State 61

   12 feature: OBJECTID '(' ')' ':' TYPEID '{' . expression '}'

    IF          shift, and go to state 46
    LET         shift, and go to state 47
    WHILE       shift, and go to state 48
    CASE        shift, and go to state 49
    NEW         shift, and go to state 50
    ISVOID      shift, and go to state 51
    STR_CONST   shift, and go to state 52
    INT_CONST   shift, and go to state 53
    BOOL_CONST  shift, and go to state 54
    OBJECTID    shift, and go to state 55
    NOT         shift, and go to state 56
    '~'         shift, and go to state 57
    '{'         shift, and go to state 58
    '('         shift, and go to state 59

    expression  go to state 89


State 62

   13 feature: OBJECTID '(' formal ')' ':' TYPEID . '{' expression '}'

    '{'  shift, and go to state 90


State 63

   14 feature: OBJECTID '(' formal formal_list ')' ':' . TYPEID '{' expression '}'

    TYPEID  shift, and go to state 91


State 64

   18 formal_list: formal_list ',' formal .

    $default  reduce using rule 18 (formal_list)


State 65

   33 expression: expression . '.' OBJECTID '(' ')'
   34           | expression . '.' OBJECTID '(' expression ')'
   35           | expression . '.' OBJECTID '(' expression expression_comma_list ')'
   36           | expression . '@' TYPEID '.' OBJECTID '(' ')'
   37           | expression . '@' TYPEID '.' OBJECTID '(' expression ')'
   38           | expression . '@' TYPEID '.' OBJECTID '(' expression expression_comma_list ')'
   42           | IF expression . THEN expression ELSE expression FI
   56           | expression . '+' expression
   57           | expression . '-' expression
   58           | expression . '*' expression
   59           | expression . '/' expression
   61           | expression . '<' expression
   62           | expression . '=' expression
   63           | expression . LE expression

    THEN  shift, and go to state 92
    LE    shift, and go to state 80
    '<'   shift, and go to state 81
    '='   shift, and go to state 82
    '+'   shift, and go to state 83
    '-'   shift, and go to state 84
    '*'   shift, and go to state 85
    '/'   shift, and go to state 86
    '@'   shift, and go to state 87
    '.'   shift, and go to state 88


State 66

   52 expression: LET error . expression_sub_let

    error  shift, and go to state 93
    ','    shift, and go to state 94

    expression_sub_let  go to state 95


State 67

   48 expression: LET OBJECTID . ':' TYPEID IN expression
   49           | LET OBJECTID . ':' TYPEID ASSIGN expression IN expression
   50           | LET OBJECTID . ':' TYPEID expression_sub_let
   51           | LET OBJECTID . ':' TYPEID ASSIGN expression expression_sub_let

    ':'  shift, and go to state 96


State 68

   33 expression: expression . '.' OBJECTID '(' ')'
   34           | expression . '.' OBJECTID '(' expression ')'
   35           | expression . '.' OBJECTID '(' expression expression_comma_list ')'
   36           | expression . '@' TYPEID '.' OBJECTID '(' ')'
   37           | expression . '@' TYPEID '.' OBJECTID '(' expression ')'
   38           | expression . '@' TYPEID '.' OBJECTID '(' expression expression_comma_list ')'
   43           | WHILE expression . LOOP expression POOL
   56           | expression . '+' expression
   57           | expression . '-' expression
   58           | expression . '*' expression
   59           | expression . '/' expression
   61           | expression . '<' expression
   62           | expression . '=' expression
   63           | expression . LE expression

    LOOP  shift, and go to state 97
    LE    shift, and go to state 80
    '<'   shift, and go to state 81
    '='   shift, and go to state 82
    '+'   shift, and go to state 83
    '-'   shift, and go to state 84
    '*'   shift, and go to state 85
    '/'   shift, and go to state 86
    '@'   shift, and go to state 87
    '.'   shift, and go to state 88


State 69

   33 expression: expression . '.' OBJECTID '(' ')'
   34           | expression . '.' OBJECTID '(' expression ')'
   35           | expression . '.' OBJECTID '(' expression expression_comma_list ')'
   36           | expression . '@' TYPEID '.' OBJECTID '(' ')'
   37           | expression . '@' TYPEID '.' OBJECTID '(' expression ')'
   38           | expression . '@' TYPEID '.' OBJECTID '(' expression expression_comma_list ')'
   53           | CASE expression . OF case_list ESAC
   56           | expression . '+' expression
   57           | expression . '-' expression
   58           | expression . '*' expression
   59           | expression . '/' expression
   61           | expression . '<' expression
   62           | expression . '=' expression
   63           | expression . LE expression

    OF   shift, and go to state 98
    LE   shift, and go to state 80
    '<'  shift, and go to state 81
    '='  shift, and go to state 82
    '+'  shift, and go to state 83
    '-'  shift, and go to state 84
    '*'  shift, and go to state 85
    '/'  shift, and go to state 86
    '@'  shift, and go to state 87
    '.'  shift, and go to state 88


State 70

   54 expression: NEW TYPEID .

    $default  reduce using rule 54 (expression)


State 71

   33 expression: expression . '.' OBJECTID '(' ')'
   34           | expression . '.' OBJECTID '(' expression ')'
   35           | expression . '.' OBJECTID '(' expression expression_comma_list ')'
   36           | expression . '@' TYPEID '.' OBJECTID '(' ')'
   37           | expression . '@' TYPEID '.' OBJECTID '(' expression ')'
   38           | expression . '@' TYPEID '.' OBJECTID '(' expression expression_comma_list ')'
   55           | ISVOID expression .
   56           | expression . '+' expression
   57           | expression . '-' expression
   58           | expression . '*' expression
   59           | expression . '/' expression
   61           | expression . '<' expression
   62           | expression . '=' expression
   63           | expression . LE expression

    '@'  shift, and go to state 87
    '.'  shift, and go to state 88

    $default  reduce using rule 55 (expression)


State 72

   32 expression: OBJECTID ASSIGN . expression

    IF          shift, and go to state 46
    LET         shift, and go to state 47
    WHILE       shift, and go to state 48
    CASE        shift, and go to state 49
    NEW         shift, and go to state 50
    ISVOID      shift, and go to state 51
    STR_CONST   shift, and go to state 52
    INT_CONST   shift, and go to state 53
    BOOL_CONST  shift, and go to state 54
    OBJECTID    shift, and go to state 55
    NOT         shift, and go to state 56
    '~'         shift, and go to state 57
    '{'         shift, and go to state 58
    '('         shift, and go to state 59

    expression  go to state 99


State 73

   39 expression: OBJECTID '(' . ')'
   40           | OBJECTID '(' . expression ')'
   41           | OBJECTID '(' . expression expression_comma_list ')'

    IF          shift, and go to state 46
    LET         shift, and go to state 47
    WHILE       shift, and go to state 48
    CASE        shift, and go to state 49
    NEW         shift, and go to state 50
    ISVOID      shift, and go to state 51
    STR_CONST   shift, and go to state 52
    INT_CONST   shift, and go to state 53
    BOOL_CONST  shift, and go to state 54
    OBJECTID    shift, and go to state 55
    NOT         shift, and go to state 56
    '~'         shift, and go to state 57
    '{'         shift, and go to state 58
    '('         shift, and go to state 59
    ')'         shift, and go to state 100

    expression  go to state 101


State 74

   33 expression: expression . '.' OBJECTID '(' ')'
   34           | expression . '.' OBJECTID '(' expression ')'
   35           | expression . '.' OBJECTID '(' expression expression_comma_list ')'
   36           | expression . '@' TYPEID '.' OBJECTID '(' ')'
   37           | expression . '@' TYPEID '.' OBJECTID '(' expression ')'
   38           | expression . '@' TYPEID '.' OBJECTID '(' expression expression_comma_list ')'
   56           | expression . '+' expression
   57           | expression . '-' expression
   58           | expression . '*' expression
   59           | expression . '/' expression
   61           | expression . '<' expression
   62           | expression . '=' expression
   63           | expression . LE expression
   64           | NOT expression .

    LE   shift, and go to state 80
    '<'  shift, and go to state 81
    '='  shift, and go to state 82
    '+'  shift, and go to state 83
    '-'  shift, and go to state 84
    '*'  shift, and go to state 85
    '/'  shift, and go to state 86
    '@'  shift, and go to state 87
    '.'  shift, and go to state 88

    $default  reduce using rule 64 (expression)


State 75

   33 expression: expression . '.' OBJECTID '(' ')'
   34           | expression . '.' OBJECTID '(' expression ')'
   35           | expression . '.' OBJECTID '(' expression expression_comma_list ')'
   36           | expression . '@' TYPEID '.' OBJECTID '(' ')'
   37           | expression . '@' TYPEID '.' OBJECTID '(' expression ')'
   38           | expression . '@' TYPEID '.' OBJECTID '(' expression expression_comma_list ')'
   56           | expression . '+' expression
   57           | expression . '-' expression
   58           | expression . '*' expression
   59           | expression . '/' expression
   60           | '~' expression .
   61           | expression . '<' expression
   62           | expression . '=' expression
   63           | expression . LE expression

    '@'  shift, and go to state 87
    '.'  shift, and go to state 88

    $default  reduce using rule 60 (expression)


State 76

   45 expression: '{' error . expression_semicolon_list '}'

    IF          shift, and go to state 46
    LET         shift, and go to state 47
    WHILE       shift, and go to state 48
    CASE        shift, and go to state 49
    NEW         shift, and go to state 50
    ISVOID      shift, and go to state 51
    STR_CONST   shift, and go to state 52
    INT_CONST   shift, and go to state 53
    BOOL_CONST  shift, and go to state 54
    OBJECTID    shift, and go to state 55
    NOT         shift, and go to state 56
    '~'         shift, and go to state 57
    '{'         shift, and go to state 58
    '('         shift, and go to state 59

    expression_semicolon_list  go to state 102
    expression                 go to state 78


State 77

   26 expression_semicolon_list: expression_semicolon_list . expression ';'
   44 expression: '{' expression_semicolon_list . '}'
   46           | '{' expression_semicolon_list . error ';' expression_semicolon_list '}'
   47           | '{' expression_semicolon_list . error ';' '}'

    error       shift, and go to state 103
    IF          shift, and go to state 46
    LET         shift, and go to state 47
    WHILE       shift, and go to state 48
    CASE        shift, and go to state 49
    NEW         shift, and go to state 50
    ISVOID      shift, and go to state 51
    STR_CONST   shift, and go to state 52
    INT_CONST   shift, and go to state 53
    BOOL_CONST  shift, and go to state 54
    OBJECTID    shift, and go to state 55
    NOT         shift, and go to state 56
    '~'         shift, and go to state 57
    '{'         shift, and go to state 58
    '}'         shift, and go to state 104
    '('         shift, and go to state 59

    expression  go to state 105


State 78

   25 expression_semicolon_list: expression . ';'
   33 expression: expression . '.' OBJECTID '(' ')'
   34           | expression . '.' OBJECTID '(' expression ')'
   35           | expression . '.' OBJECTID '(' expression expression_comma_list ')'
   36           | expression . '@' TYPEID '.' OBJECTID '(' ')'
   37           | expression . '@' TYPEID '.' OBJECTID '(' expression ')'
   38           | expression . '@' TYPEID '.' OBJECTID '(' expression expression_comma_list ')'
   56           | expression . '+' expression
   57           | expression . '-' expression
   58           | expression . '*' expression
   59           | expression . '/' expression
   61           | expression . '<' expression
   62           | expression . '=' expression
   63           | expression . LE expression

    LE   shift, and go to state 80
    '<'  shift, and go to state 81
    '='  shift, and go to state 82
    '+'  shift, and go to state 83
    '-'  shift, and go to state 84
    '*'  shift, and go to state 85
    '/'  shift, and go to state 86
    '@'  shift, and go to state 87
    '.'  shift, and go to state 88
    ';'  shift, and go to state 106


State 79

   33 expression: expression . '.' OBJECTID '(' ')'
   34           | expression . '.' OBJECTID '(' expression ')'
   35           | expression . '.' OBJECTID '(' expression expression_comma_list ')'
   36           | expression . '@' TYPEID '.' OBJECTID '(' ')'
   37           | expression . '@' TYPEID '.' OBJECTID '(' expression ')'
   38           | expression . '@' TYPEID '.' OBJECTID '(' expression expression_comma_list ')'
   56           | expression . '+' expression
   57           | expression . '-' expression
   58           | expression . '*' expression
   59           | expression . '/' expression
   61           | expression . '<' expression
   62           | expression . '=' expression
   63           | expression . LE expression
   65           | '(' expression . ')'

    LE   shift, and go to state 80
    '<'  shift, and go to state 81
    '='  shift, and go to state 82
    '+'  shift, and go to state 83
    '-'  shift, and go to state 84
    '*'  shift, and go to state 85
    '/'  shift, and go to state 86
    '@'  shift, and go to state 87
    '.'  shift, and go to state 88
    ')'  shift, and go to state 107


State 80

   63 expression: expression LE . expression

    IF          shift, and go to state 46
    LET         shift, and go to state 47
    WHILE       shift, and go to state 48
    CASE        shift, and go to state 49
    NEW         shift, and go to state 50
    ISVOID      shift, and go to state 51
    STR_CONST   shift, and go to state 52
    INT_CONST   shift, and go to state 53
    BOOL_CONST  shift, and go to state 54
    OBJECTID    shift, and go to state 55
    NOT         shift, and go to state 56
    '~'         shift, and go to state 57
    '{'         shift, and go to state 58
    '('         shift, and go to state 59

    expression  go to state 108


State 81

   61 expression: expression '<' . expression

    IF          shift, and go to state 46
    LET         shift, and go to state 47
    WHILE       shift, and go to state 48
    CASE        shift, and go to state 49
    NEW         shift, and go to state 50
    ISVOID      shift, and go to state 51
    STR_CONST   shift, and go to state 52
    INT_CONST   shift, and go to state 53
    BOOL_CONST  shift, and go to state 54
    OBJECTID    shift, and go to state 55
    NOT         shift, and go to state 56
    '~'         shift, and go to state 57
    '{'         shift, and go to state 58
    '('         shift, and go to state 59

    expression  go to state 109


State 82

   62 expression: expression '=' . expression

    IF          shift, and go to state 46
    LET         shift, and go to state 47
    WHILE       shift, and go to state 48
    CASE        shift, and go to state 49
    NEW         shift, and go to state 50
    ISVOID      shift, and go to state 51
    STR_CONST   shift, and go to state 52
    INT_CONST   shift, and go to state 53
    BOOL_CONST  shift, and go to state 54
    OBJECTID    shift, and go to state 55
    NOT         shift, and go to state 56
    '~'         shift, and go to state 57
    '{'         shift, and go to state 58
    '('         shift, and go to state 59

    expression  go to state 110


State 83

   56 expression: expression '+' . expression

    IF          shift, and go to state 46
    LET         shift, and go to state 47
    WHILE       shift, and go to state 48
    CASE        shift, and go to state 49
    NEW         shift, and go to state 50
    ISVOID      shift, and go to state 51
    STR_CONST   shift, and go to state 52
    INT_CONST   shift, and go to state 53
    BOOL_CONST  shift, and go to state 54
    OBJECTID    shift, and go to state 55
    NOT         shift, and go to state 56
    '~'         shift, and go to state 57
    '{'         shift, and go to state 58
    '('         shift, and go to state 59

    expression  go to state 111


State 84

   57 expression: expression '-' . expression

    IF          shift, and go to state 46
    LET         shift, and go to state 47
    WHILE       shift, and go to state 48
    CASE        shift, and go to state 49
    NEW         shift, and go to state 50
    ISVOID      shift, and go to state 51
    STR_CONST   shift, and go to state 52
    INT_CONST   shift, and go to state 53
    BOOL_CONST  shift, and go to state 54
    OBJECTID    shift, and go to state 55
    NOT         shift, and go to state 56
    '~'         shift, and go to state 57
    '{'         shift, and go to state 58
    '('         shift, and go to state 59

    expression  go to state 112


State 85

   58 expression: expression '*' . expression

    IF          shift, and go to state 46
    LET         shift, and go to state 47
    WHILE       shift, and go to state 48
    CASE        shift, and go to state 49
    NEW         shift, and go to state 50
    ISVOID      shift, and go to state 51
    STR_CONST   shift, and go to state 52
    INT_CONST   shift, and go to state 53
    BOOL_CONST  shift, and go to state 54
    OBJECTID    shift, and go to state 55
    NOT         shift, and go to state 56
    '~'         shift, and go to state 57
    '{'         shift, and go to state 58
    '('         shift, and go to state 59

    expression  go to state 113


State 86

   59 expression: expression '/' . expression

    IF          shift, and go to state 46
    LET         shift, and go to state 47
    WHILE       shift, and go to state 48
    CASE        shift, and go to state 49
    NEW         shift, and go to state 50
    ISVOID      shift, and go to state 51
    STR_CONST   shift, and go to state 52
    INT_CONST   shift, and go to state 53
    BOOL_CONST  shift, and go to state 54
    OBJECTID    shift, and go to state 55
    NOT         shift, and go to state 56
    '~'         shift, and go to state 57
    '{'         shift, and go to state 58
    '('         shift, and go to state 59

    expression  go to state 114


State 87

   36 expression: expression '@' . TYPEID '.' OBJECTID '(' ')'
   37           | expression '@' . TYPEID '.' OBJECTID '(' expression ')'
   38           | expression '@' . TYPEID '.' OBJECTID '(' expression expression_comma_list ')'

    TYPEID  shift, and go to state 115


State 88

   33 expression: expression '.' . OBJECTID '(' ')'
   34           | expression '.' . OBJECTID '(' expression ')'
   35           | expression '.' . OBJECTID '(' expression expression_comma_list ')'

    OBJECTID  shift, and go to state 116


State 89

   12 feature: OBJECTID '(' ')' ':' TYPEID '{' expression . '}'
   33 expression: expression . '.' OBJECTID '(' ')'
   34           | expression . '.' OBJECTID '(' expression ')'
   35           | expression . '.' OBJECTID '(' expression expression_comma_list ')'
   36           | expression . '@' TYPEID '.' OBJECTID '(' ')'
   37           | expression . '@' TYPEID '.' OBJECTID '(' expression ')'
   38           | expression . '@' TYPEID '.' OBJECTID '(' expression expression_comma_list ')'
   56           | expression . '+' expression
   57           | expression . '-' expression
   58           | expression . '*' expression
   59           | expression . '/' expression
   61           | expression . '<' expression
   62           | expression . '=' expression
   63           | expression . LE expression

    LE   shift, and go to state 80
    '<'  shift, and go to state 81
    '='  shift, and go to state 82
    '+'  shift, and go to state 83
    '-'  shift, and go to state 84
    '*'  shift, and go to state 85
    '/'  shift, and go to state 86
    '@'  shift, and go to state 87
    '.'  shift, and go to state 88
    '}'  shift, and go to state 117


State 90

   13 feature: OBJECTID '(' formal ')' ':' TYPEID '{' . expression '}'

    IF          shift, and go to state 46
    LET         shift, and go to state 47
    WHILE       shift, and go to state 48
    CASE        shift, and go to state 49
    NEW         shift, and go to state 50
    ISVOID      shift, and go to state 51
    STR_CONST   shift, and go to state 52
    INT_CONST   shift, and go to state 53
    BOOL_CONST  shift, and go to state 54
    OBJECTID    shift, and go to state 55
    NOT         shift, and go to state 56
    '~'         shift, and go to state 57
    '{'         shift, and go to state 58
    '('         shift, and go to state 59

    expression  go to state 118


State 91

   14 feature: OBJECTID '(' formal formal_list ')' ':' TYPEID . '{' expression '}'

    '{'  shift, and go to state 119


State 92

   42 expression: IF expression THEN . expression ELSE expression FI

    IF          shift, and go to state 46
    LET         shift, and go to state 47
    WHILE       shift, and go to state 48
    CASE        shift, and go to state 49
    NEW         shift, and go to state 50
    ISVOID      shift, and go to state 51
    STR_CONST   shift, and go to state 52
    INT_CONST   shift, and go to state 53
    BOOL_CONST  shift, and go to state 54
    OBJECTID    shift, and go to state 55
    NOT         shift, and go to state 56
    '~'         shift, and go to state 57
    '{'         shift, and go to state 58
    '('         shift, and go to state 59

    expression  go to state 120


State 93

   31 expression_sub_let: error . expression_sub_let

    error  shift, and go to state 93
    ','    shift, and go to state 94

    expression_sub_let  go to state 121


State 94

   27 expression_sub_let: ',' . OBJECTID ':' TYPEID IN expression
   28                   | ',' . OBJECTID ':' TYPEID ASSIGN expression IN expression
   29                   | ',' . OBJECTID ':' TYPEID expression_sub_let
   30                   | ',' . OBJECTID ':' TYPEID ASSIGN expression expression_sub_let

    OBJECTID  shift, and go to state 122


State 95

   52 expression: LET error expression_sub_let .

    $default  reduce using rule 52 (expression)


State 96

   48 expression: LET OBJECTID ':' . TYPEID IN expression
   49           | LET OBJECTID ':' . TYPEID ASSIGN expression IN expression
   50           | LET OBJECTID ':' . TYPEID expression_sub_let
   51           | LET OBJECTID ':' . TYPEID ASSIGN expression expression_sub_let

    TYPEID  shift, and go to state 123


State 97

   43 expression: WHILE expression LOOP . expression POOL

    IF          shift, and go to state 46
    LET         shift, and go to state 47
    WHILE       shift, and go to state 48
    CASE        shift, and go to state 49
    NEW         shift, and go to state 50
    ISVOID      shift, and go to state 51
    STR_CONST   shift, and go to state 52
    INT_CONST   shift, and go to state 53
    BOOL_CONST  shift, and go to state 54
    OBJECTID    shift, and go to state 55
    NOT         shift, and go to state 56
    '~'         shift, and go to state 57
    '{'         shift, and go to state 58
    '('         shift, and go to state 59

    expression  go to state 124


State 98

   53 expression: CASE expression OF . case_list ESAC

    OBJECTID  shift, and go to state 125

    case_list  go to state 126
    case       go to state 127


State 99

   32 expression: OBJECTID ASSIGN expression .
   33           | expression . '.' OBJECTID '(' ')'
   34           | expression . '.' OBJECTID '(' expression ')'
   35           | expression . '.' OBJECTID '(' expression expression_comma_list ')'
   36           | expression . '@' TYPEID '.' OBJECTID '(' ')'
   37           | expression . '@' TYPEID '.' OBJECTID '(' expression ')'
   38           | expression . '@' TYPEID '.' OBJECTID '(' expression expression_comma_list ')'
   56           | expression . '+' expression
   57           | expression . '-' expression
   58           | expression . '*' expression
   59           | expression . '/' expression
   61           | expression . '<' expression
   62           | expression . '=' expression
   63           | expression . LE expression

    LE   shift, and go to state 80
    '<'  shift, and go to state 81
    '='  shift, and go to state 82
    '+'  shift, and go to state 83
    '-'  shift, and go to state 84
    '*'  shift, and go to state 85
    '/'  shift, and go to state 86
    '@'  shift, and go to state 87
    '.'  shift, and go to state 88

    $default  reduce using rule 32 (expression)


State 100

   39 expression: OBJECTID '(' ')' .

    $default  reduce using rule 39 (expression)


State 101

   33 expression: expression . '.' OBJECTID '(' ')'
   34           | expression . '.' OBJECTID '(' expression ')'
   35           | expression . '.' OBJECTID '(' expression expression_comma_list ')'
   36           | expression . '@' TYPEID '.' OBJECTID '(' ')'
   37           | expression . '@' TYPEID '.' OBJECTID '(' expression ')'
   38           | expression . '@' TYPEID '.' OBJECTID '(' expression expression_comma_list ')'
   40           | OBJECTID '(' expression . ')'
   41           | OBJECTID '(' expression . expression_comma_list ')'
   56           | expression . '+' expression
   57           | expression . '-' expression
   58           | expression . '*' expression
   59           | expression . '/' expression
   61           | expression . '<' expression
   62           | expression . '=' expression
   63           | expression . LE expression

    LE   shift, and go to state 80
    '<'  shift, and go to state 81
    '='  shift, and go to state 82
    '+'  shift, and go to state 83
    '-'  shift, and go to state 84
    '*'  shift, and go to state 85
    '/'  shift, and go to state 86
    '@'  shift, and go to state 87
    '.'  shift, and go to state 88
    ')'  shift, and go to state 128
    ','  shift, and go to state 129

    expression_comma_list  go to state 130


State 102

   26 expression_semicolon_list: expression_semicolon_list . expression ';'
   45 expression: '{' error expression_semicolon_list . '}'

    IF          shift, and go to state 46
    LET         shift, and go to state 47
    WHILE       shift, and go to state 48
    CASE        shift, and go to state 49
    NEW         shift, and go to state 50
    ISVOID      shift, and go to state 51
    STR_CONST   shift, and go to state 52
    INT_CONST   shift, and go to state 53
    BOOL_CONST  shift, and go to state 54
    OBJECTID    shift, and go to state 55
    NOT         shift, and go to state 56
    '~'         shift, and go to state 57
    '{'         shift, and go to state 58
    '}'         shift, and go to state 131
    '('         shift, and go to state 59

    expression  go to state 105


State 103

   46 expression: '{' expression_semicolon_list error . ';' expression_semicolon_list '}'
   47           | '{' expression_semicolon_list error . ';' '}'

    ';'  shift, and go to state 132


State 104

   44 expression: '{' expression_semicolon_list '}' .

    $default  reduce using rule 44 (expression)


State 105

   26 expression_semicolon_list: expression_semicolon_list expression . ';'
   33 expression: expression . '.' OBJECTID '(' ')'
   34           | expression . '.' OBJECTID '(' expression ')'
   35           | expression . '.' OBJECTID '(' expression expression_comma_list ')'
   36           | expression . '@' TYPEID '.' OBJECTID '(' ')'
   37           | expression . '@' TYPEID '.' OBJECTID '(' expression ')'
   38           | expression . '@' TYPEID '.' OBJECTID '(' expression expression_comma_list ')'
   56           | expression . '+' expression
   57           | expression . '-' expression
   58           | expression . '*' expression
   59           | expression . '/' expression
   61           | expression . '<' expression
   62           | expression . '=' expression
   63           | expression . LE expression

    LE   shift, and go to state 80
    '<'  shift, and go to state 81
    '='  shift, and go to state 82
    '+'  shift, and go to state 83
    '-'  shift, and go to state 84
    '*'  shift, and go to state 85
    '/'  shift, and go to state 86
    '@'  shift, and go to state 87
    '.'  shift, and go to state 88
    ';'  shift, and go to state 133


State 106

   25 expression_semicolon_list: expression ';' .

    $default  reduce using rule 25 (expression_semicolon_list)


State 107

   65 expression: '(' expression ')' .

    $default  reduce using rule 65 (expression)


State 108

   33 expression: expression . '.' OBJECTID '(' ')'
   34           | expression . '.' OBJECTID '(' expression ')'
   35           | expression . '.' OBJECTID '(' expression expression_comma_list ')'
   36           | expression . '@' TYPEID '.' OBJECTID '(' ')'
   37           | expression . '@' TYPEID '.' OBJECTID '(' expression ')'
   38           | expression . '@' TYPEID '.' OBJECTID '(' expression expression_comma_list ')'
   56           | expression . '+' expression
   57           | expression . '-' expression
   58           | expression . '*' expression
   59           | expression . '/' expression
   61           | expression . '<' expression
   62           | expression . '=' expression
   63           | expression . LE expression
   63           | expression LE expression .

    '+'  shift, and go to state 83
    '-'  shift, and go to state 84
    '*'  shift, and go to state 85
    '/'  shift, and go to state 86
    '@'  shift, and go to state 87
    '.'  shift, and go to state 88

    LE   error (nonassociative)
    '<'  error (nonassociative)
    '='  error (nonassociative)

    $default  reduce using rule 63 (expression)


State 109

   33 expression: expression . '.' OBJECTID '(' ')'
   34           | expression . '.' OBJECTID '(' expression ')'
   35           | expression . '.' OBJECTID '(' expression expression_comma_list ')'
   36           | expression . '@' TYPEID '.' OBJECTID '(' ')'
   37           | expression . '@' TYPEID '.' OBJECTID '(' expression ')'
   38           | expression . '@' TYPEID '.' OBJECTID '(' expression expression_comma_list ')'
   56           | expression . '+' expression
   57           | expression . '-' expression
   58           | expression . '*' expression
   59           | expression . '/' expression
   61           | expression . '<' expression
   61           | expression '<' expression .
   62           | expression . '=' expression
   63           | expression . LE expression

    '+'  shift, and go to state 83
    '-'  shift, and go to state 84
    '*'  shift, and go to state 85
    '/'  shift, and go to state 86
    '@'  shift, and go to state 87
    '.'  shift, and go to state 88

    LE   error (nonassociative)
    '<'  error (nonassociative)
    '='  error (nonassociative)

    $default  reduce using rule 61 (expression)


State 110

   33 expression: expression . '.' OBJECTID '(' ')'
   34           | expression . '.' OBJECTID '(' expression ')'
   35           | expression . '.' OBJECTID '(' expression expression_comma_list ')'
   36           | expression . '@' TYPEID '.' OBJECTID '(' ')'
   37           | expression . '@' TYPEID '.' OBJECTID '(' expression ')'
   38           | expression . '@' TYPEID '.' OBJECTID '(' expression expression_comma_list ')'
   56           | expression . '+' expression
   57           | expression . '-' expression
   58           | expression . '*' expression
   59           | expression . '/' expression
   61           | expression . '<' expression
   62           | expression . '=' expression
   62           | expression '=' expression .
   63           | expression . LE expression

    '+'  shift, and go to state 83
    '-'  shift, and go to state 84
    '*'  shift, and go to state 85
    '/'  shift, and go to state 86
    '@'  shift, and go to state 87
    '.'  shift, and go to state 88

    LE   error (nonassociative)
    '<'  error (nonassociative)
    '='  error (nonassociative)

    $default  reduce using rule 62 (expression)


State 111

   33 expression: expression . '.' OBJECTID '(' ')'
   34           | expression . '.' OBJECTID '(' expression ')'
   35           | expression . '.' OBJECTID '(' expression expression_comma_list ')'
   36           | expression . '@' TYPEID '.' OBJECTID '(' ')'
   37           | expression . '@' TYPEID '.' OBJECTID '(' expression ')'
   38           | expression . '@' TYPEID '.' OBJECTID '(' expression expression_comma_list ')'
   56           | expression . '+' expression
   56           | expression '+' expression .
   57           | expression . '-' expression
   58           | expression . '*' expression
   59           | expression . '/' expression
   61           | expression . '<' expression
   62           | expression . '=' expression
   63           | expression . LE expression

    '*'  shift, and go to state 85
    '/'  shift, and go to state 86
    '@'  shift, and go to state 87
    '.'  shift, and go to state 88

    $default  reduce using rule 56 (expression)


State 112

   33 expression: expression . '.' OBJECTID '(' ')'
   34           | expression . '.' OBJECTID '(' expression ')'
   35           | expression . '.' OBJECTID '(' expression expression_comma_list ')'
   36           | expression . '@' TYPEID '.' OBJECTID '(' ')'
   37           | expression . '@' TYPEID '.' OBJECTID '(' expression ')'
   38           | expression . '@' TYPEID '.' OBJECTID '(' expression expression_comma_list ')'
   56           | expression . '+' expression
   57           | expression . '-' expression
   57           | expression '-' expression .
   58           | expression . '*' expression
   59           | expression . '/' expression
   61           | expression . '<' expression
   62           | expression . '=' expression
   63           | expression . LE expression

    '*'  shift, and go to state 85
    '/'  shift, and go to state 86
    '@'  shift, and go to state 87
    '.'  shift, and go to state 88

    $default  reduce using rule 57 (expression)


State 113

   33 expression: expression . '.' OBJECTID '(' ')'
   34           | expression . '.' OBJECTID '(' expression ')'
   35           | expression . '.' OBJECTID '(' expression expression_comma_list ')'
   36           | expression . '@' TYPEID '.' OBJECTID '(' ')'
   37           | expression . '@' TYPEID '.' OBJECTID '(' expression ')'
   38           | expression . '@' TYPEID '.' OBJECTID '(' expression expression_comma_list ')'
   56           | expression . '+' expression
   57           | expression . '-' expression
   58           | expression . '*' expression
   58           | expression '*' expression .
   59           | expression . '/' expression
   61           | expression . '<' expression
   62           | expression . '=' expression
   63           | expression . LE expression

    '@'  shift, and go to state 87
    '.'  shift, and go to state 88

    $default  reduce using rule 58 (expression)


State 114

   33 expression: expression . '.' OBJECTID '(' ')'
   34           | expression . '.' OBJECTID '(' expression ')'
   35           | expression . '.' OBJECTID '(' expression expression_comma_list ')'
   36           | expression . '@' TYPEID '.' OBJECTID '(' ')'
   37           | expression . '@' TYPEID '.' OBJECTID '(' expression ')'
   38           | expression . '@' TYPEID '.' OBJECTID '(' expression expression_comma_list ')'
   56           | expression . '+' expression
   57           | expression . '-' expression
   58           | expression . '*' expression
   59           | expression . '/' expression
   59           | expression '/' expression .
   61           | expression . '<' expression
   62           | expression . '=' expression
   63           | expression . LE expression

    '@'  shift, and go to state 87
    '.'  shift, and go to state 88

    $default  reduce using rule 59 (expression)


State 115

   36 expression: expression '@' TYPEID . '.' OBJECTID '(' ')'
   37           | expression '@' TYPEID . '.' OBJECTID '(' expression ')'
   38           | expression '@' TYPEID . '.' OBJECTID '(' expression expression_comma_list ')'

    '.'  shift, and go to state 134


State 116

   33 expression: expression '.' OBJECTID . '(' ')'
   34           | expression '.' OBJECTID . '(' expression ')'
   35           | expression '.' OBJECTID . '(' expression expression_comma_list ')'

    '('  shift, and go to state 135


State 117

   12 feature: OBJECTID '(' ')' ':' TYPEID '{' expression '}' .

    $default  reduce using rule 12 (feature)


State 118

   13 feature: OBJECTID '(' formal ')' ':' TYPEID '{' expression . '}'
   33 expression: expression . '.' OBJECTID '(' ')'
   34           | expression . '.' OBJECTID '(' expression ')'
   35           | expression . '.' OBJECTID '(' expression expression_comma_list ')'
   36           | expression . '@' TYPEID '.' OBJECTID '(' ')'
   37           | expression . '@' TYPEID '.' OBJECTID '(' expression ')'
   38           | expression . '@' TYPEID '.' OBJECTID '(' expression expression_comma_list ')'
   56           | expression . '+' expression
   57           | expression . '-' expression
   58           | expression . '*' expression
   59           | expression . '/' expression
   61           | expression . '<' expression
   62           | expression . '=' expression
   63           | expression . LE expression

    LE   shift, and go to state 80
    '<'  shift, and go to state 81
    '='  shift, and go to state 82
    '+'  shift, and go to state 83
    '-'  shift, and go to state 84
    '*'  shift, and go to state 85
    '/'  shift, and go to state 86
    '@'  shift, and go to state 87
    '.'  shift, and go to state 88
    '}'  shift, and go to state 136


State 119

   14 feature: OBJECTID '(' formal formal_list ')' ':' TYPEID '{' . expression '}'

    IF          shift, and go to state 46
    LET         shift, and go to state 47
    WHILE       shift, and go to state 48
    CASE        shift, and go to state 49
    NEW         shift, and go to state 50
    ISVOID      shift, and go to state 51
    STR_CONST   shift, and go to state 52
    INT_CONST   shift, and go to state 53
    BOOL_CONST  shift, and go to state 54
    OBJECTID    shift, and go to state 55
    NOT         shift, and go to state 56
    '~'         shift, and go to state 57
    '{'         shift, and go to state 58
    '('         shift, and go to state 59

    expression  go to state 137


State 120

   33 expression: expression . '.' OBJECTID '(' ')'
   34           | expression . '.' OBJECTID '(' expression ')'
   35           | expression . '.' OBJECTID '(' expression expression_comma_list ')'
   36           | expression . '@' TYPEID '.' OBJECTID '(' ')'
   37           | expression . '@' TYPEID '.' OBJECTID '(' expression ')'
   38           | expression . '@' TYPEID '.' OBJECTID '(' expression expression_comma_list ')'
   42           | IF expression THEN expression . ELSE expression FI
   56           | expression . '+' expression
   57           | expression . '-' expression
   58           | expression . '*' expression
   59           | expression . '/' expression
   61           | expression . '<' expression
   62           | expression . '=' expression
   63           | expression . LE expression

    ELSE  shift, and go to state 138
    LE    shift, and go to state 80
    '<'   shift, and go to state 81
    '='   shift, and go to state 82
    '+'   shift, and go to state 83
    '-'   shift, and go to state 84
    '*'   shift, and go to state 85
    '/'   shift, and go to state 86
    '@'   shift, and go to state 87
    '.'   shift, and go to state 88


State 121

   31 expression_sub_let: error expression_sub_let .

    $default  reduce using rule 31 (expression_sub_let)


State 122

   27 expression_sub_let: ',' OBJECTID . ':' TYPEID IN expression
   28                   | ',' OBJECTID . ':' TYPEID ASSIGN expression IN expression
   29                   | ',' OBJECTID . ':' TYPEID expression_sub_let
   30                   | ',' OBJECTID . ':' TYPEID ASSIGN expression expression_sub_let

    ':'  shift, and go to state 139


State 123

   48 expression: LET OBJECTID ':' TYPEID . IN expression
   49           | LET OBJECTID ':' TYPEID . ASSIGN expression IN expression
   50           | LET OBJECTID ':' TYPEID . expression_sub_let
   51           | LET OBJECTID ':' TYPEID . ASSIGN expression expression_sub_let

    error   shift, and go to state 93
    IN      shift, and go to state 140
    ASSIGN  shift, and go to state 141
    ','     shift, and go to state 94

    expression_sub_let  go to state 142


State 124

   33 expression: expression . '.' OBJECTID '(' ')'
   34           | expression . '.' OBJECTID '(' expression ')'
   35           | expression . '.' OBJECTID '(' expression expression_comma_list ')'
   36           | expression . '@' TYPEID '.' OBJECTID '(' ')'
   37           | expression . '@' TYPEID '.' OBJECTID '(' expression ')'
   38           | expression . '@' TYPEID '.' OBJECTID '(' expression expression_comma_list ')'
   43           | WHILE expression LOOP expression . POOL
   56           | expression . '+' expression
   57           | expression . '-' expression
   58           | expression . '*' expression
   59           | expression . '/' expression
   61           | expression . '<' expression
   62           | expression . '=' expression
   63           | expression . LE expression

    POOL  shift, and go to state 143
    LE    shift, and go to state 80
    '<'   shift, and go to state 81
    '='   shift, and go to state 82
    '+'   shift, and go to state 83
    '-'   shift, and go to state 84
    '*'   shift, and go to state 85
    '/'   shift, and go to state 86
    '@'   shift, and go to state 87
    '.'   shift, and go to state 88


State 125

   22 case: OBJECTID . ':' TYPEID DARROW expression ';'

    ':'  shift, and go to state 144


State 126

   21 case_list: case_list . case
   53 expression: CASE expression OF case_list . ESAC

    ESAC      shift, and go to state 145
    OBJECTID  shift, and go to state 125

    case  go to state 146


State 127

   20 case_list: case .

    $default  reduce using rule 20 (case_list)


State 128

   40 expression: OBJECTID '(' expression ')' .

    $default  reduce using rule 40 (expression)


State 129

   23 expression_comma_list: ',' . expression

    IF          shift, and go to state 46
    LET         shift, and go to state 47
    WHILE       shift, and go to state 48
    CASE        shift, and go to state 49
    NEW         shift, and go to state 50
    ISVOID      shift, and go to state 51
    STR_CONST   shift, and go to state 52
    INT_CONST   shift, and go to state 53
    BOOL_CONST  shift, and go to state 54
    OBJECTID    shift, and go to state 55
    NOT         shift, and go to state 56
    '~'         shift, and go to state 57
    '{'         shift, and go to state 58
    '('         shift, and go to state 59

    expression  go to state 147


State 130

   24 expression_comma_list: expression_comma_list . ',' expression
   41 expression: OBJECTID '(' expression expression_comma_list . ')'

    ')'  shift, and go to state 148
    ','  shift, and go to state 149


State 131

   45 expression: '{' error expression_semicolon_list '}' .

    $default  reduce using rule 45 (expression)


State 132

   46 expression: '{' expression_semicolon_list error ';' . expression_semicolon_list '}'
   47           | '{' expression_semicolon_list error ';' . '}'

    IF          shift, and go to state 46
    LET         shift, and go to state 47
    WHILE       shift, and go to state 48
    CASE        shift, and go to state 49
    NEW         shift, and go to state 50
    ISVOID      shift, and go to state 51
    STR_CONST   shift, and go to state 52
    INT_CONST   shift, and go to state 53
    BOOL_CONST  shift, and go to state 54
    OBJECTID    shift, and go to state 55
    NOT         shift, and go to state 56
    '~'         shift, and go to state 57
    '{'         shift, and go to state 58
    '}'         shift, and go to state 150
    '('         shift, and go to state 59

    expression_semicolon_list  go to state 151
    expression                 go to state 78


State 133

   26 expression_semicolon_list: expression_semicolon_list expression ';' .

    $default  reduce using rule 26 (expression_semicolon_list)


State 134

   36 expression: expression '@' TYPEID '.' . OBJECTID '(' ')'
   37           | expression '@' TYPEID '.' . OBJECTID '(' expression ')'
   38           | expression '@' TYPEID '.' . OBJECTID '(' expression expression_comma_list ')'

    OBJECTID  shift, and go to state 152


State 135

   33 expression: expression '.' OBJECTID '(' . ')'
   34           | expression '.' OBJECTID '(' . expression ')'
   35           | expression '.' OBJECTID '(' . expression expression_comma_list ')'

    IF          shift, and go to state 46
    LET         shift, and go to state 47
    WHILE       shift, and go to state 48
    CASE        shift, and go to state 49
    NEW         shift, and go to state 50
    ISVOID      shift, and go to state 51
    STR_CONST   shift, and go to state 52
    INT_CONST   shift, and go to state 53
    BOOL_CONST  shift, and go to state 54
    OBJECTID    shift, and go to state 55
    NOT         shift, and go to state 56
    '~'         shift, and go to state 57
    '{'         shift, and go to state 58
    '('         shift, and go to state 59
    ')'         shift, and go to state 153

    expression  go to state 154


State 136

   13 feature: OBJECTID '(' formal ')' ':' TYPEID '{' expression '}' .

    $default  reduce using rule 13 (feature)


State 137

   14 feature: OBJECTID '(' formal formal_list ')' ':' TYPEID '{' expression . '}'
   33 expression: expression . '.' OBJECTID '(' ')'
   34           | expression . '.' OBJECTID '(' expression ')'
   35           | expression . '.' OBJECTID '(' expression expression_comma_list ')'
   36           | expression . '@' TYPEID '.' OBJECTID '(' ')'
   37           | expression . '@' TYPEID '.' OBJECTID '(' expression ')'
   38           | expression . '@' TYPEID '.' OBJECTID '(' expression expression_comma_list ')'
   56           | expression . '+' expression
   57           | expression . '-' expression
   58           | expression . '*' expression
   59           | expression . '/' expression
   61           | expression . '<' expression
   62           | expression . '=' expression
   63           | expression . LE expression

    LE   shift, and go to state 80
    '<'  shift, and go to state 81
    '='  shift, and go to state 82
    '+'  shift, and go to state 83
    '-'  shift, and go to state 84
    '*'  shift, and go to state 85
    '/'  shift, and go to state 86
    '@'  shift, and go to state 87
    '.'  shift, and go to state 88
    '}'  shift, and go to state 155


State 138

   42 expression: IF expression THEN expression ELSE . expression FI

    IF          shift, and go to state 46
    LET         shift, and go to state 47
    WHILE       shift, and go to state 48
    CASE        shift, and go to state 49
    NEW         shift, and go to state 50
    ISVOID      shift, and go to state 51
    STR_CONST   shift, and go to state 52
    INT_CONST   shift, and go to state 53
    BOOL_CONST  shift, and go to state 54
    OBJECTID    shift, and go to state 55
    NOT         shift, and go to state 56
    '~'         shift, and go to state 57
    '{'         shift, and go to state 58
    '('         shift, and go to state 59

    expression  go to state 156


State 139

   27 expression_sub_let: ',' OBJECTID ':' . TYPEID IN expression
   28                   | ',' OBJECTID ':' . TYPEID ASSIGN expression IN expression
   29                   | ',' OBJECTID ':' . TYPEID expression_sub_let
   30                   | ',' OBJECTID ':' . TYPEID ASSIGN expression expression_sub_let

    TYPEID  shift, and go to state 157


State 140

   48 expression: LET OBJECTID ':' TYPEID IN . expression

    IF          shift, and go to state 46
    LET         shift, and go to state 47
    WHILE       shift, and go to state 48
    CASE        shift, and go to state 49
    NEW         shift, and go to state 50
    ISVOID      shift, and go to state 51
    STR_CONST   shift, and go to state 52
    INT_CONST   shift, and go to state 53
    BOOL_CONST  shift, and go to state 54
    OBJECTID    shift, and go to state 55
    NOT         shift, and go to state 56
    '~'         shift, and go to state 57
    '{'         shift, and go to state 58
    '('         shift, and go to state 59

    expression  go to state 158


State 141

   49 expression: LET OBJECTID ':' TYPEID ASSIGN . expression IN expression
   51           | LET OBJECTID ':' TYPEID ASSIGN . expression expression_sub_let

    IF          shift, and go to state 46
    LET         shift, and go to state 47
    WHILE       shift, and go to state 48
    CASE        shift, and go to state 49
    NEW         shift, and go to state 50
    ISVOID      shift, and go to state 51
    STR_CONST   shift, and go to state 52
    INT_CONST   shift, and go to state 53
    BOOL_CONST  shift, and go to state 54
    OBJECTID    shift, and go to state 55
    NOT         shift, and go to state 56
    '~'         shift, and go to state 57
    '{'         shift, and go to state 58
    '('         shift, and go to state 59

    expression  go to state 159


State 142

   50 expression: LET OBJECTID ':' TYPEID expression_sub_let .

    $default  reduce using rule 50 (expression)


State 143

   43 expression: WHILE expression LOOP expression POOL .

    $default  reduce using rule 43 (expression)


State 144

   22 case: OBJECTID ':' . TYPEID DARROW expression ';'

    TYPEID  shift, and go to state 160


State 145

   53 expression: CASE expression OF case_list ESAC .

    $default  reduce using rule 53 (expression)


State 146

   21 case_list: case_list case .

    $default  reduce using rule 21 (case_list)


State 147

   23 expression_comma_list: ',' expression .
   33 expression: expression . '.' OBJECTID '(' ')'
   34           | expression . '.' OBJECTID '(' expression ')'
   35           | expression . '.' OBJECTID '(' expression expression_comma_list ')'
   36           | expression . '@' TYPEID '.' OBJECTID '(' ')'
   37           | expression . '@' TYPEID '.' OBJECTID '(' expression ')'
   38           | expression . '@' TYPEID '.' OBJECTID '(' expression expression_comma_list ')'
   56           | expression . '+' expression
   57           | expression . '-' expression
   58           | expression . '*' expression
   59           | expression . '/' expression
   61           | expression . '<' expression
   62           | expression . '=' expression
   63           | expression . LE expression

    LE   shift, and go to state 80
    '<'  shift, and go to state 81
    '='  shift, and go to state 82
    '+'  shift, and go to state 83
    '-'  shift, and go to state 84
    '*'  shift, and go to state 85
    '/'  shift, and go to state 86
    '@'  shift, and go to state 87
    '.'  shift, and go to state 88

    $default  reduce using rule 23 (expression_comma_list)


State 148

   41 expression: OBJECTID '(' expression expression_comma_list ')' .

    $default  reduce using rule 41 (expression)


State 149

   24 expression_comma_list: expression_comma_list ',' . expression

    IF          shift, and go to state 46
    LET         shift, and go to state 47
    WHILE       shift, and go to state 48
    CASE        shift, and go to state 49
    NEW         shift, and go to state 50
    ISVOID      shift, and go to state 51
    STR_CONST   shift, and go to state 52
    INT_CONST   shift, and go to state 53
    BOOL_CONST  shift, and go to state 54
    OBJECTID    shift, and go to state 55
    NOT         shift, and go to state 56
    '~'         shift, and go to state 57
    '{'         shift, and go to state 58
    '('         shift, and go to state 59

    expression  go to state 161


State 150

   47 expression: '{' expression_semicolon_list error ';' '}' .

    $default  reduce using rule 47 (expression)


State 151

   26 expression_semicolon_list: expression_semicolon_list . expression ';'
   46 expression: '{' expression_semicolon_list error ';' expression_semicolon_list . '}'

    IF          shift, and go to state 46
    LET         shift, and go to state 47
    WHILE       shift, and go to state 48
    CASE        shift, and go to state 49
    NEW         shift, and go to state 50
    ISVOID      shift, and go to state 51
    STR_CONST   shift, and go to state 52
    INT_CONST   shift, and go to state 53
    BOOL_CONST  shift, and go to state 54
    OBJECTID    shift, and go to state 55
    NOT         shift, and go to state 56
    '~'         shift, and go to state 57
    '{'         shift, and go to state 58
    '}'         shift, and go to state 162
    '('         shift, and go to state 59

    expression  go to state 105


State 152

   36 expression: expression '@' TYPEID '.' OBJECTID . '(' ')'
   37           | expression '@' TYPEID '.' OBJECTID . '(' expression ')'
   38           | expression '@' TYPEID '.' OBJECTID . '(' expression expression_comma_list ')'

    '('  shift, and go to state 163


State 153

   33 expression: expression '.' OBJECTID '(' ')' .

    $default  reduce using rule 33 (expression)


State 154

   33 expression: expression . '.' OBJECTID '(' ')'
   34           | expression . '.' OBJECTID '(' expression ')'
   34           | expression '.' OBJECTID '(' expression . ')'
   35           | expression . '.' OBJECTID '(' expression expression_comma_list ')'
   35           | expression '.' OBJECTID '(' expression . expression_comma_list ')'
   36           | expression . '@' TYPEID '.' OBJECTID '(' ')'
   37           | expression . '@' TYPEID '.' OBJECTID '(' expression ')'
   38           | expression . '@' TYPEID '.' OBJECTID '(' expression expression_comma_list ')'
   56           | expression . '+' expression
   57           | expression . '-' expression
   58           | expression . '*' expression
   59           | expression . '/' expression
   61           | expression . '<' expression
   62           | expression . '=' expression
   63           | expression . LE expression

    LE   shift, and go to state 80
    '<'  shift, and go to state 81
    '='  shift, and go to state 82
    '+'  shift, and go to state 83
    '-'  shift, and go to state 84
    '*'  shift, and go to state 85
    '/'  shift, and go to state 86
    '@'  shift, and go to state 87
    '.'  shift, and go to state 88
    ')'  shift, and go to state 164
    ','  shift, and go to state 129

    expression_comma_list  go to state 165


State 155

   14 feature: OBJECTID '(' formal formal_list ')' ':' TYPEID '{' expression '}' .

    $default  reduce using rule 14 (feature)


State 156

   33 expression: expression . '.' OBJECTID '(' ')'
   34           | expression . '.' OBJECTID '(' expression ')'
   35           | expression . '.' OBJECTID '(' expression expression_comma_list ')'
   36           | expression . '@' TYPEID '.' OBJECTID '(' ')'
   37           | expression . '@' TYPEID '.' OBJECTID '(' expression ')'
   38           | expression . '@' TYPEID '.' OBJECTID '(' expression expression_comma_list ')'
   42           | IF expression THEN expression ELSE expression . FI
   56           | expression . '+' expression
   57           | expression . '-' expression
   58           | expression . '*' expression
   59           | expression . '/' expression
   61           | expression . '<' expression
   62           | expression . '=' expression
   63           | expression . LE expression

    FI   shift, and go to state 166
    LE   shift, and go to state 80
    '<'  shift, and go to state 81
    '='  shift, and go to state 82
    '+'  shift, and go to state 83
    '-'  shift, and go to state 84
    '*'  shift, and go to state 85
    '/'  shift, and go to state 86
    '@'  shift, and go to state 87
    '.'  shift, and go to state 88


State 157

   27 expression_sub_let: ',' OBJECTID ':' TYPEID . IN expression
   28                   | ',' OBJECTID ':' TYPEID . ASSIGN expression IN expression
   29                   | ',' OBJECTID ':' TYPEID . expression_sub_let
   30                   | ',' OBJECTID ':' TYPEID . ASSIGN expression expression_sub_let

    error   shift, and go to state 93
    IN      shift, and go to state 167
    ASSIGN  shift, and go to state 168
    ','     shift, and go to state 94

    expression_sub_let  go to state 169


State 158

   33 expression: expression . '.' OBJECTID '(' ')'
   34           | expression . '.' OBJECTID '(' expression ')'
   35           | expression . '.' OBJECTID '(' expression expression_comma_list ')'
   36           | expression . '@' TYPEID '.' OBJECTID '(' ')'
   37           | expression . '@' TYPEID '.' OBJECTID '(' expression ')'
   38           | expression . '@' TYPEID '.' OBJECTID '(' expression expression_comma_list ')'
   48           | LET OBJECTID ':' TYPEID IN expression .
   56           | expression . '+' expression
   57           | expression . '-' expression
   58           | expression . '*' expression
   59           | expression . '/' expression
   61           | expression . '<' expression
   62           | expression . '=' expression
   63           | expression . LE expression

    LE   shift, and go to state 80
    '<'  shift, and go to state 81
    '='  shift, and go to state 82
    '+'  shift, and go to state 83
    '-'  shift, and go to state 84
    '*'  shift, and go to state 85
    '/'  shift, and go to state 86
    '@'  shift, and go to state 87
    '.'  shift, and go to state 88

    LE        [reduce using rule 48 (expression)]
    '<'       [reduce using rule 48 (expression)]
    '='       [reduce using rule 48 (expression)]
    '+'       [reduce using rule 48 (expression)]
    '-'       [reduce using rule 48 (expression)]
    '*'       [reduce using rule 48 (expression)]
    '/'       [reduce using rule 48 (expression)]
    '@'       [reduce using rule 48 (expression)]
    '.'       [reduce using rule 48 (expression)]
    $default  reduce using rule 48 (expression)


State 159

   33 expression: expression . '.' OBJECTID '(' ')'
   34           | expression . '.' OBJECTID '(' expression ')'
   35           | expression . '.' OBJECTID '(' expression expression_comma_list ')'
   36           | expression . '@' TYPEID '.' OBJECTID '(' ')'
   37           | expression . '@' TYPEID '.' OBJECTID '(' expression ')'
   38           | expression . '@' TYPEID '.' OBJECTID '(' expression expression_comma_list ')'
   49           | LET OBJECTID ':' TYPEID ASSIGN expression . IN expression
   51           | LET OBJECTID ':' TYPEID ASSIGN expression . expression_sub_let
   56           | expression . '+' expression
   57           | expression . '-' expression
   58           | expression . '*' expression
   59           | expression . '/' expression
   61           | expression . '<' expression
   62           | expression . '=' expression
   63           | expression . LE expression

    error  shift, and go to state 93
    IN     shift, and go to state 170
    LE     shift, and go to state 80
    '<'    shift, and go to state 81
    '='    shift, and go to state 82
    '+'    shift, and go to state 83
    '-'    shift, and go to state 84
    '*'    shift, and go to state 85
    '/'    shift, and go to state 86
    '@'    shift, and go to state 87
    '.'    shift, and go to state 88
    ','    shift, and go to state 94

    expression_sub_let  go to state 171


State 160

   22 case: OBJECTID ':' TYPEID . DARROW expression ';'

    DARROW  shift, and go to state 172


State 161

   24 expression_comma_list: expression_comma_list ',' expression .
   33 expression: expression . '.' OBJECTID '(' ')'
   34           | expression . '.' OBJECTID '(' expression ')'
   35           | expression . '.' OBJECTID '(' expression expression_comma_list ')'
   36           | expression . '@' TYPEID '.' OBJECTID '(' ')'
   37           | expression . '@' TYPEID '.' OBJECTID '(' expression ')'
   38           | expression . '@' TYPEID '.' OBJECTID '(' expression expression_comma_list ')'
   56           | expression . '+' expression
   57           | expression . '-' expression
   58           | expression . '*' expression
   59           | expression . '/' expression
   61           | expression . '<' expression
   62           | expression . '=' expression
   63           | expression . LE expression

    LE   shift, and go to state 80
    '<'  shift, and go to state 81
    '='  shift, and go to state 82
    '+'  shift, and go to state 83
    '-'  shift, and go to state 84
    '*'  shift, and go to state 85
    '/'  shift, and go to state 86
    '@'  shift, and go to state 87
    '.'  shift, and go to state 88

    $default  reduce using rule 24 (expression_comma_list)


State 162

   46 expression: '{' expression_semicolon_list error ';' expression_semicolon_list '}' .

    $default  reduce using rule 46 (expression)


State 163

   36 expression: expression '@' TYPEID '.' OBJECTID '(' . ')'
   37           | expression '@' TYPEID '.' OBJECTID '(' . expression ')'
   38           | expression '@' TYPEID '.' OBJECTID '(' . expression expression_comma_list ')'

    IF          shift, and go to state 46
    LET         shift, and go to state 47
    WHILE       shift, and go to state 48
    CASE        shift, and go to state 49
    NEW         shift, and go to state 50
    ISVOID      shift, and go to state 51
    STR_CONST   shift, and go to state 52
    INT_CONST   shift, and go to state 53
    BOOL_CONST  shift, and go to state 54
    OBJECTID    shift, and go to state 55
    NOT         shift, and go to state 56
    '~'         shift, and go to state 57
    '{'         shift, and go to state 58
    '('         shift, and go to state 59
    ')'         shift, and go to state 173

    expression  go to state 174


State 164

   34 expression: expression '.' OBJECTID '(' expression ')' .

    $default  reduce using rule 34 (expression)


State 165

   24 expression_comma_list: expression_comma_list . ',' expression
   35 expression: expression '.' OBJECTID '(' expression expression_comma_list . ')'

    ')'  shift, and go to state 175
    ','  shift, and go to state 149


State 166

   42 expression: IF expression THEN expression ELSE expression FI .

    $default  reduce using rule 42 (expression)


State 167

   27 expression_sub_let: ',' OBJECTID ':' TYPEID IN . expression

    IF          shift, and go to state 46
    LET         shift, and go to state 47
    WHILE       shift, and go to state 48
    CASE        shift, and go to state 49
    NEW         shift, and go to state 50
    ISVOID      shift, and go to state 51
    STR_CONST   shift, and go to state 52
    INT_CONST   shift, and go to state 53
    BOOL_CONST  shift, and go to state 54
    OBJECTID    shift, and go to state 55
    NOT         shift, and go to state 56
    '~'         shift, and go to state 57
    '{'         shift, and go to state 58
    '('         shift, and go to state 59

    expression  go to state 176


State 168

   28 expression_sub_let: ',' OBJECTID ':' TYPEID ASSIGN . expression IN expression
   30                   | ',' OBJECTID ':' TYPEID ASSIGN . expression expression_sub_let

    IF          shift, and go to state 46
    LET         shift, and go to state 47
    WHILE       shift, and go to state 48
    CASE        shift, and go to state 49
    NEW         shift, and go to state 50
    ISVOID      shift, and go to state 51
    STR_CONST   shift, and go to state 52
    INT_CONST   shift, and go to state 53
    BOOL_CONST  shift, and go to state 54
    OBJECTID    shift, and go to state 55
    NOT         shift, and go to state 56
    '~'         shift, and go to state 57
    '{'         shift, and go to state 58
    '('         shift, and go to state 59

    expression  go to state 177


State 169

   29 expression_sub_let: ',' OBJECTID ':' TYPEID expression_sub_let .

    $default  reduce using rule 29 (expression_sub_let)


State 170

   49 expression: LET OBJECTID ':' TYPEID ASSIGN expression IN . expression

    IF          shift, and go to state 46
    LET         shift, and go to state 47
    WHILE       shift, and go to state 48
    CASE        shift, and go to state 49
    NEW         shift, and go to state 50
    ISVOID      shift, and go to state 51
    STR_CONST   shift, and go to state 52
    INT_CONST   shift, and go to state 53
    BOOL_CONST  shift, and go to state 54
    OBJECTID    shift, and go to state 55
    NOT         shift, and go to state 56
    '~'         shift, and go to state 57
    '{'         shift, and go to state 58
    '('         shift, and go to state 59

    expression  go to state 178


State 171

   51 expression: LET OBJECTID ':' TYPEID ASSIGN expression expression_sub_let .

    $default  reduce using rule 51 (expression)


State 172

   22 case: OBJECTID ':' TYPEID DARROW . expression ';'

    IF          shift, and go to state 46
    LET         shift, and go to state 47
    WHILE       shift, and go to state 48
    CASE        shift, and go to state 49
    NEW         shift, and go to state 50
    ISVOID      shift, and go to state 51
    STR_CONST   shift, and go to state 52
    INT_CONST   shift, and go to state 53
    BOOL_CONST  shift, and go to state 54
    OBJECTID    shift, and go to state 55
    NOT         shift, and go to state 56
    '~'         shift, and go to state 57
    '{'         shift, and go to state 58
    '('         shift, and go to state 59

    expression  go to state 179


State 173

   36 expression: expression '@' TYPEID '.' OBJECTID '(' ')' .

    $default  reduce using rule 36 (expression)


State 174

   33 expression: expression . '.' OBJECTID '(' ')'
   34           | expression . '.' OBJECTID '(' expression ')'
   35           | expression . '.' OBJECTID '(' expression expression_comma_list ')'
   36           | expression . '@' TYPEID '.' OBJECTID '(' ')'
   37           | expression . '@' TYPEID '.' OBJECTID '(' expression ')'
   37           | expression '@' TYPEID '.' OBJECTID '(' expression . ')'
   38           | expression . '@' TYPEID '.' OBJECTID '(' expression expression_comma_list ')'
   38           | expression '@' TYPEID '.' OBJECTID '(' expression . expression_comma_list ')'
   56           | expression . '+' expression
   57           | expression . '-' expression
   58           | expression . '*' expression
   59           | expression . '/' expression
   61           | expression . '<' expression
   62           | expression . '=' expression
   63           | expression . LE expression

    LE   shift, and go to state 80
    '<'  shift, and go to state 81
    '='  shift, and go to state 82
    '+'  shift, and go to state 83
    '-'  shift, and go to state 84
    '*'  shift, and go to state 85
    '/'  shift, and go to state 86
    '@'  shift, and go to state 87
    '.'  shift, and go to state 88
    ')'  shift, and go to state 180
    ','  shift, and go to state 129

    expression_comma_list  go to state 181


State 175

   35 expression: expression '.' OBJECTID '(' expression expression_comma_list ')' .

    $default  reduce using rule 35 (expression)


State 176

   27 expression_sub_let: ',' OBJECTID ':' TYPEID IN expression .
   33 expression: expression . '.' OBJECTID '(' ')'
   34           | expression . '.' OBJECTID '(' expression ')'
   35           | expression . '.' OBJECTID '(' expression expression_comma_list ')'
   36           | expression . '@' TYPEID '.' OBJECTID '(' ')'
   37           | expression . '@' TYPEID '.' OBJECTID '(' expression ')'
   38           | expression . '@' TYPEID '.' OBJECTID '(' expression expression_comma_list ')'
   56           | expression . '+' expression
   57           | expression . '-' expression
   58           | expression . '*' expression
   59           | expression . '/' expression
   61           | expression . '<' expression
   62           | expression . '=' expression
   63           | expression . LE expression

    LE   shift, and go to state 80
    '<'  shift, and go to state 81
    '='  shift, and go to state 82
    '+'  shift, and go to state 83
    '-'  shift, and go to state 84
    '*'  shift, and go to state 85
    '/'  shift, and go to state 86
    '@'  shift, and go to state 87
    '.'  shift, and go to state 88

    LE        [reduce using rule 27 (expression_sub_let)]
    '<'       [reduce using rule 27 (expression_sub_let)]
    '='       [reduce using rule 27 (expression_sub_let)]
    '+'       [reduce using rule 27 (expression_sub_let)]
    '-'       [reduce using rule 27 (expression_sub_let)]
    '*'       [reduce using rule 27 (expression_sub_let)]
    '/'       [reduce using rule 27 (expression_sub_let)]
    '@'       [reduce using rule 27 (expression_sub_let)]
    '.'       [reduce using rule 27 (expression_sub_let)]
    $default  reduce using rule 27 (expression_sub_let)


State 177

   28 expression_sub_let: ',' OBJECTID ':' TYPEID ASSIGN expression . IN expression
   30                   | ',' OBJECTID ':' TYPEID ASSIGN expression . expression_sub_let
   33 expression: expression . '.' OBJECTID '(' ')'
   34           | expression . '.' OBJECTID '(' expression ')'
   35           | expression . '.' OBJECTID '(' expression expression_comma_list ')'
   36           | expression . '@' TYPEID '.' OBJECTID '(' ')'
   37           | expression . '@' TYPEID '.' OBJECTID '(' expression ')'
   38           | expression . '@' TYPEID '.' OBJECTID '(' expression expression_comma_list ')'
   56           | expression . '+' expression
   57           | expression . '-' expression
   58           | expression . '*' expression
   59           | expression . '/' expression
   61           | expression . '<' expression
   62           | expression . '=' expression
   63           | expression . LE expression

    error  shift, and go to state 93
    IN     shift, and go to state 182
    LE     shift, and go to state 80
    '<'    shift, and go to state 81
    '='    shift, and go to state 82
    '+'    shift, and go to state 83
    '-'    shift, and go to state 84
    '*'    shift, and go to state 85
    '/'    shift, and go to state 86
    '@'    shift, and go to state 87
    '.'    shift, and go to state 88
    ','    shift, and go to state 94

    expression_sub_let  go to state 183


State 178

   33 expression: expression . '.' OBJECTID '(' ')'
   34           | expression . '.' OBJECTID '(' expression ')'
   35           | expression . '.' OBJECTID '(' expression expression_comma_list ')'
   36           | expression . '@' TYPEID '.' OBJECTID '(' ')'
   37           | expression . '@' TYPEID '.' OBJECTID '(' expression ')'
   38           | expression . '@' TYPEID '.' OBJECTID '(' expression expression_comma_list ')'
   49           | LET OBJECTID ':' TYPEID ASSIGN expression IN expression .
   56           | expression . '+' expression
   57           | expression . '-' expression
   58           | expression . '*' expression
   59           | expression . '/' expression
   61           | expression . '<' expression
   62           | expression . '=' expression
   63           | expression . LE expression

    LE   shift, and go to state 80
    '<'  shift, and go to state 81
    '='  shift, and go to state 82
    '+'  shift, and go to state 83
    '-'  shift, and go to state 84
    '*'  shift, and go to state 85
    '/'  shift, and go to state 86
    '@'  shift, and go to state 87
    '.'  shift, and go to state 88

    LE        [reduce using rule 49 (expression)]
    '<'       [reduce using rule 49 (expression)]
    '='       [reduce using rule 49 (expression)]
    '+'       [reduce using rule 49 (expression)]
    '-'       [reduce using rule 49 (expression)]
    '*'       [reduce using rule 49 (expression)]
    '/'       [reduce using rule 49 (expression)]
    '@'       [reduce using rule 49 (expression)]
    '.'       [reduce using rule 49 (expression)]
    $default  reduce using rule 49 (expression)


State 179

   22 case: OBJECTID ':' TYPEID DARROW expression . ';'
   33 expression: expression . '.' OBJECTID '(' ')'
   34           | expression . '.' OBJECTID '(' expression ')'
   35           | expression . '.' OBJECTID '(' expression expression_comma_list ')'
   36           | expression . '@' TYPEID '.' OBJECTID '(' ')'
   37           | expression . '@' TYPEID '.' OBJECTID '(' expression ')'
   38           | expression . '@' TYPEID '.' OBJECTID '(' expression expression_comma_list ')'
   56           | expression . '+' expression
   57           | expression . '-' expression
   58           | expression . '*' expression
   59           | expression . '/' expression
   61           | expression . '<' expression
   62           | expression . '=' expression
   63           | expression . LE expression

    LE   shift, and go to state 80
    '<'  shift, and go to state 81
    '='  shift, and go to state 82
    '+'  shift, and go to state 83
    '-'  shift, and go to state 84
    '*'  shift, and go to state 85
    '/'  shift, and go to state 86
    '@'  shift, and go to state 87
    '.'  shift, and go to state 88
    ';'  shift, and go to state 184


State 180

   37 expression: expression '@' TYPEID '.' OBJECTID '(' expression ')' .

    $default  reduce using rule 37 (expression)


State 181

   24 expression_comma_list: expression_comma_list . ',' expression
   38 expression: expression '@' TYPEID '.' OBJECTID '(' expression expression_comma_list . ')'

    ')'  shift, and go to state 185
    ','  shift, and go to state 149


State 182

   28 expression_sub_let: ',' OBJECTID ':' TYPEID ASSIGN expression IN . expression

    IF          shift, and go to state 46
    LET         shift, and go to state 47
    WHILE       shift, and go to state 48
    CASE        shift, and go to state 49
    NEW         shift, and go to state 50
    ISVOID      shift, and go to state 51
    STR_CONST   shift, and go to state 52
    INT_CONST   shift, and go to state 53
    BOOL_CONST  shift, and go to state 54
    OBJECTID    shift, and go to state 55
    NOT         shift, and go to state 56
    '~'         shift, and go to state 57
    '{'         shift, and go to state 58
    '('         shift, and go to state 59

    expression  go to state 186


State 183

   30 expression_sub_let: ',' OBJECTID ':' TYPEID ASSIGN expression expression_sub_let .

    $default  reduce using rule 30 (expression_sub_let)


State 184

   22 case: OBJECTID ':' TYPEID DARROW expression ';' .

    $default  reduce using rule 22 (case)


State 185

   38 expression: expression '@' TYPEID '.' OBJECTID '(' expression expression_comma_list ')' .

    $default  reduce using rule 38 (expression)


State 186

   28 expression_sub_let: ',' OBJECTID ':' TYPEID ASSIGN expression IN expression .
   33 expression: expression . '.' OBJECTID '(' ')'
   34           | expression . '.' OBJECTID '(' expression ')'
   35           | expression . '.' OBJECTID '(' expression expression_comma_list ')'
   36           | expression . '@' TYPEID '.' OBJECTID '(' ')'
   37           | expression . '@' TYPEID '.' OBJECTID '(' expression ')'
   38           | expression . '@' TYPEID '.' OBJECTID '(' expression expression_comma_list ')'
   56           | expression . '+' expression
   57           | expression . '-' expression
   58           | expression . '*' expression
   59           | expression . '/' expression
   61           | expression . '<' expression
   62           | expression . '=' expression
   63           | expression . LE expression

    LE   shift, and go to state 80
    '<'  shift, and go to state 81
    '='  shift, and go to state 82
    '+'  shift, and go to state 83
    '-'  shift, and go to state 84
    '*'  shift, and go to state 85
    '/'  shift, and go to state 86
    '@'  shift, and go to state 87
    '.'  shift, and go to state 88

    LE        [reduce using rule 28 (expression_sub_let)]
    '<'       [reduce using rule 28 (expression_sub_let)]
    '='       [reduce using rule 28 (expression_sub_let)]
    '+'       [reduce using rule 28 (expression_sub_let)]
    '-'       [reduce using rule 28 (expression_sub_let)]
    '*'       [reduce using rule 28 (expression_sub_let)]
    '/'       [reduce using rule 28 (expression_sub_let)]
    '@'       [reduce using rule 28 (expression_sub_let)]
    '.'       [reduce using rule 28 (expression_sub_let)]
    $default  reduce using rule 28 (expression_sub_let)
